<?xml version="1.0" encoding="UTF-8"?>
<testng-results skipped="0" failed="1" ignored="0" total="3" passed="2">
  <reporter-output>
  </reporter-output>
  <suite name="Suite" duration-ms="4641" started-at="2019-07-20T10:00:06Z" finished-at="2019-07-20T10:00:11Z">
    <groups>
      <group name="BookLibrary1">
        <method signature="BookLibrary.deleteBook()[pri:2, instance:com.restassured.booklibraryscripts.BookLibrary@3bfdc050]" name="deleteBook" class="com.restassured.booklibraryscripts.BookLibrary"/>
      </group> <!-- BookLibrary1 -->
      <group name="BookLibrary">
        <method signature="BookLibrary.addBook()[pri:0, instance:com.restassured.booklibraryscripts.BookLibrary@3bfdc050]" name="addBook" class="com.restassured.booklibraryscripts.BookLibrary"/>
        <method signature="BookLibrary.findBookWithId()[pri:1, instance:com.restassured.booklibraryscripts.BookLibrary@3bfdc050]" name="findBookWithId" class="com.restassured.booklibraryscripts.BookLibrary"/>
      </group> <!-- BookLibrary -->
    </groups>
    <test name="Test" duration-ms="4641" started-at="2019-07-20T10:00:06Z" finished-at="2019-07-20T10:00:11Z">
      <class name="com.restassured.booklibraryscripts.BookLibrary">
        <test-method status="PASS" signature="setUp()[pri:0, instance:com.restassured.booklibraryscripts.BookLibrary@3bfdc050]" name="setUp" is-config="true" duration-ms="1822" started-at="2019-07-20T15:30:05Z" finished-at="2019-07-20T15:30:06Z">
          <reporter-output>
          </reporter-output>
        </test-method> <!-- setUp -->
        <test-method status="PASS" signature="addBook()[pri:0, instance:com.restassured.booklibraryscripts.BookLibrary@3bfdc050]" name="addBook" duration-ms="2958" started-at="2019-07-20T15:30:06Z" description="Add A Book" finished-at="2019-07-20T15:30:09Z">
          <reporter-output>
          </reporter-output>
        </test-method> <!-- addBook -->
        <test-method status="FAIL" signature="findBookWithId()[pri:1, instance:com.restassured.booklibraryscripts.BookLibrary@3bfdc050]" name="findBookWithId" duration-ms="344" started-at="2019-07-20T15:30:09Z" description="Find a book with id" finished-at="2019-07-20T15:30:10Z">
          <exception class="java.lang.AssertionError">
            <message>
              <![CDATA[1 expectation failed.
JSON path isbn doesn't match.
Expected: XPRS
  Actual: [XPRS]
]]>
            </message>
            <full-stacktrace>
              <![CDATA[java.lang.AssertionError: 1 expectation failed.
JSON path isbn doesn't match.
Expected: XPRS
  Actual: [XPRS]

	at sun.reflect.NativeConstructorAccessorImpl.newInstance0(Native Method)
	at sun.reflect.NativeConstructorAccessorImpl.newInstance(NativeConstructorAccessorImpl.java:62)
	at sun.reflect.DelegatingConstructorAccessorImpl.newInstance(DelegatingConstructorAccessorImpl.java:45)
	at java.lang.reflect.Constructor.newInstance(Constructor.java:423)
	at org.codehaus.groovy.reflection.CachedConstructor.invoke(CachedConstructor.java:80)
	at org.codehaus.groovy.reflection.CachedConstructor.doConstructorInvoke(CachedConstructor.java:74)
	at org.codehaus.groovy.runtime.callsite.ConstructorSite$ConstructorSiteNoUnwrap.callConstructor(ConstructorSite.java:84)
	at org.codehaus.groovy.runtime.callsite.CallSiteArray.defaultCallConstructor(CallSiteArray.java:59)
	at org.codehaus.groovy.runtime.callsite.AbstractCallSite.callConstructor(AbstractCallSite.java:237)
	at org.codehaus.groovy.runtime.callsite.AbstractCallSite.callConstructor(AbstractCallSite.java:249)
	at io.restassured.internal.ResponseSpecificationImpl$HamcrestAssertionClosure.validate(ResponseSpecificationImpl.groovy:492)
	at io.restassured.internal.ResponseSpecificationImpl$HamcrestAssertionClosure$validate$1.call(Unknown Source)
	at io.restassured.internal.ResponseSpecificationImpl.validateResponseIfRequired(ResponseSpecificationImpl.groovy:655)
	at sun.reflect.NativeMethodAccessorImpl.invoke0(Native Method)
	at sun.reflect.NativeMethodAccessorImpl.invoke(NativeMethodAccessorImpl.java:62)
	at sun.reflect.DelegatingMethodAccessorImpl.invoke(DelegatingMethodAccessorImpl.java:43)
	at java.lang.reflect.Method.invoke(Method.java:498)
	at org.codehaus.groovy.runtime.callsite.PlainObjectMetaMethodSite.doInvoke(PlainObjectMetaMethodSite.java:43)
	at org.codehaus.groovy.runtime.callsite.PogoMetaMethodSite$PogoCachedMethodSiteNoUnwrapNoCoerce.invoke(PogoMetaMethodSite.java:190)
	at org.codehaus.groovy.runtime.callsite.PogoMetaMethodSite.callCurrent(PogoMetaMethodSite.java:58)
	at org.codehaus.groovy.runtime.callsite.AbstractCallSite.callCurrent(AbstractCallSite.java:168)
	at io.restassured.internal.ResponseSpecificationImpl.body(ResponseSpecificationImpl.groovy:260)
	at io.restassured.specification.ResponseSpecification$body$1.callCurrent(Unknown Source)
	at io.restassured.internal.ResponseSpecificationImpl.body(ResponseSpecificationImpl.groovy:107)
	at io.restassured.internal.ValidatableResponseOptionsImpl.body(ValidatableResponseOptionsImpl.java:244)
	at io.restassured.internal.ValidatableResponseImpl.super$2$body(ValidatableResponseImpl.groovy)
	at sun.reflect.NativeMethodAccessorImpl.invoke0(Native Method)
	at sun.reflect.NativeMethodAccessorImpl.invoke(NativeMethodAccessorImpl.java:62)
	at sun.reflect.DelegatingMethodAccessorImpl.invoke(DelegatingMethodAccessorImpl.java:43)
	at java.lang.reflect.Method.invoke(Method.java:498)
	at org.codehaus.groovy.reflection.CachedMethod.invoke(CachedMethod.java:101)
	at groovy.lang.MetaMethod.doMethodInvoke(MetaMethod.java:323)
	at groovy.lang.MetaClassImpl.invokeMethod(MetaClassImpl.java:1217)
	at org.codehaus.groovy.runtime.ScriptBytecodeAdapter.invokeMethodOnSuperN(ScriptBytecodeAdapter.java:144)
	at io.restassured.internal.ValidatableResponseImpl.body(ValidatableResponseImpl.groovy:298)
	at io.restassured.internal.ValidatableResponseImpl.body(ValidatableResponseImpl.groovy)
	at com.restassured.booklibraryscripts.BookLibrary.findBookWithId(BookLibrary.java:37)
	at sun.reflect.NativeMethodAccessorImpl.invoke0(Native Method)
	at sun.reflect.NativeMethodAccessorImpl.invoke(NativeMethodAccessorImpl.java:62)
	at sun.reflect.DelegatingMethodAccessorImpl.invoke(DelegatingMethodAccessorImpl.java:43)
	at java.lang.reflect.Method.invoke(Method.java:498)
	at org.testng.internal.MethodInvocationHelper.invokeMethod(MethodInvocationHelper.java:104)
	at org.testng.internal.Invoker.invokeMethod(Invoker.java:645)
	at org.testng.internal.Invoker.invokeTestMethod(Invoker.java:851)
	at org.testng.internal.Invoker.invokeTestMethods(Invoker.java:1177)
	at org.testng.internal.TestMethodWorker.invokeTestMethods(TestMethodWorker.java:129)
	at org.testng.internal.TestMethodWorker.run(TestMethodWorker.java:112)
	at java.util.concurrent.ThreadPoolExecutor.runWorker(ThreadPoolExecutor.java:1142)
	at java.util.concurrent.ThreadPoolExecutor$Worker.run(ThreadPoolExecutor.java:617)
	at java.lang.Thread.run(Thread.java:745)
]]>
            </full-stacktrace>
          </exception> <!-- java.lang.AssertionError -->
          <reporter-output>
          </reporter-output>
        </test-method> <!-- findBookWithId -->
        <test-method status="PASS" signature="deleteBook()[pri:2, instance:com.restassured.booklibraryscripts.BookLibrary@3bfdc050]" name="deleteBook" duration-ms="1209" started-at="2019-07-20T15:30:10Z" description="Delete a book with passing id" finished-at="2019-07-20T15:30:11Z">
          <reporter-output>
          </reporter-output>
        </test-method> <!-- deleteBook -->
        <test-method status="PASS" signature="exitSetUp()[pri:0, instance:com.restassured.booklibraryscripts.BookLibrary@3bfdc050]" name="exitSetUp" is-config="true" duration-ms="1" started-at="2019-07-20T15:30:11Z" finished-at="2019-07-20T15:30:11Z">
          <reporter-output>
          </reporter-output>
        </test-method> <!-- exitSetUp -->
      </class> <!-- com.restassured.booklibraryscripts.BookLibrary -->
    </test> <!-- Test -->
  </suite> <!-- Suite -->
</testng-results>
